<?xml version='1.0' encoding='UTF-8'?>
<testsuite hostname="Alaa" name="EventTest" tests="1" errors="0" failures="0" skipped="0" time="0.015" timestamp="2025-04-29T01:52:25">
          <properties>
[...]
</properties>
          <testcase classname="EventTest" name="Event.duration should correctly calculate the difference between start and end time" time="0.015">
                      
                    </testcase>
          <system-out><![CDATA[]]></system-out>
          <system-err><![CDATA[]]></system-err>
        </testsuite>